<?xml version="1.0" encoding="UTF-8"?>
<!-- Generated by org.testng.reporters.JUnitXMLReporter -->
<testsuite hostname="LAPTOP-R70PKC5N" ignored="0" name="Nopackage" tests="5" failures="0" timestamp="2020-09-14T01:53:58 IST" time="26.976" errors="0">
  <testcase name="@BeforeTest setupdriver" time="26.573" classname="com.newtours.test.BookFlightTest">
    <failure type="org.openqa.selenium.WebDriverException" message="Timed out waiting for driver server to start.
Build info: version: &amp;apos;3.141.59&amp;apos;, revision: &amp;apos;e82be7d358&amp;apos;, time: &amp;apos;2018-11-14T08:17:03&amp;apos;
System info: host: &amp;apos;LAPTOP-R70PKC5N&amp;apos;, ip: &amp;apos;172.27.144.1&amp;apos;, os.name: &amp;apos;Windows 10&amp;apos;, os.arch: &amp;apos;amd64&amp;apos;, os.version: &amp;apos;10.0&amp;apos;, java.version: &amp;apos;1.8.0_261&amp;apos;
Driver info: driver.version: ChromeDriver">
      <![CDATA[org.openqa.selenium.WebDriverException: Timed out waiting for driver server to start.
Build info: version: '3.141.59', revision: 'e82be7d358', time: '2018-11-14T08:17:03'
System info: host: 'LAPTOP-R70PKC5N', ip: '172.27.144.1', os.name: 'Windows 10', os.arch: 'amd64', os.version: '10.0', java.version: '1.8.0_261'
Driver info: driver.version: ChromeDriver
at org.openqa.selenium.remote.service.DriverService.waitUntilAvailable(DriverService.java:202)
at org.openqa.selenium.remote.service.DriverService.start(DriverService.java:188)
at org.openqa.selenium.remote.service.DriverCommandExecutor.execute(DriverCommandExecutor.java:79)
at org.openqa.selenium.remote.RemoteWebDriver.execute(RemoteWebDriver.java:552)
at org.openqa.selenium.remote.RemoteWebDriver.startSession(RemoteWebDriver.java:213)
at org.openqa.selenium.remote.RemoteWebDriver.<init>(RemoteWebDriver.java:131)
at org.openqa.selenium.chrome.ChromeDriver.<init>(ChromeDriver.java:181)
at org.openqa.selenium.chrome.ChromeDriver.<init>(ChromeDriver.java:168)
at org.openqa.selenium.chrome.ChromeDriver.<init>(ChromeDriver.java:123)
at com.newtours.test.BookFlightTest.setupdriver(BookFlightTest.java:22)
Caused by: org.openqa.selenium.net.UrlChecker$TimeoutException: Timed out waiting for [http://localhost:11230/status] to be available after 20229 ms
at org.openqa.selenium.net.UrlChecker.waitUntilAvailable(UrlChecker.java:100)
at org.openqa.selenium.remote.service.DriverService.waitUntilAvailable(DriverService.java:197)
... 33 more
Caused by: java.util.concurrent.TimeoutException
at java.util.concurrent.FutureTask.get(Unknown Source)
at com.google.common.util.concurrent.SimpleTimeLimiter.callWithTimeout(SimpleTimeLimiter.java:156)
at org.openqa.selenium.net.UrlChecker.waitUntilAvailable(UrlChecker.java:75)
... 34 more
... Removed 24 stack frames]]>
    </failure>
  </testcase> <!-- @BeforeTest setupdriver -->
  <testcase name="registrationPage" time="0.0" classname="com.newtours.test.BookFlightTest">
    <skipped/>
  </testcase> <!-- registrationPage -->
  <testcase name="registrationconfirmation" time="0.0" classname="com.newtours.test.BookFlightTest">
    <skipped/>
  </testcase> <!-- registrationconfirmation -->
  <testcase name="fligtdetailspage" time="0.0" classname="com.newtours.test.BookFlightTest">
    <skipped/>
  </testcase> <!-- fligtdetailspage -->
  <testcase name="findflightpage" time="0.0" classname="com.newtours.test.BookFlightTest">
    <skipped/>
  </testcase> <!-- findflightpage -->
  <testcase name="fligtconfirmation" time="0.0" classname="com.newtours.test.BookFlightTest">
    <skipped/>
  </testcase> <!-- fligtconfirmation -->
</testsuite> <!-- Nopackage -->
